<?xml version="1.0" encoding="UTF-8"?>
<!-- Generated by org.testng.reporters.JUnitXMLReporter -->
<testsuite hostname="HPaf008ax" ignored="0" name="Default test" tests="4" failures="0" timestamp="2020-10-22T15:02:55 IST" time="25.962" errors="0">
  <testcase name="invalidLoginTest" time="3.694" classname="com.guru99.testCases.tc_01_LoginTest"/>
  <testcase name="invalidLoginTest" time="4.557" classname="com.guru99.testCases.tc_01_LoginTest"/>
  <testcase name="invalidLoginTest" time="14.009" classname="com.guru99.testCases.tc_01_LoginTest"/>
  <testcase name="validLoginTest" time="3.547" classname="com.guru99.testCases.tc_01_LoginTest"/>
</testsuite> <!-- Default test -->
