<?xml version="1.0" encoding="UTF-8"?>
<!-- Generated by org.testng.reporters.JUnitXMLReporter -->
<testsuite hostname="HPaf008ax" ignored="1" name="Test" tests="4" failures="0" timestamp="2020-10-22T18:12:29 IST" time="23.883" errors="0">
  <testcase name="invalidLoginTest" time="3.819" classname="com.guru99.testCases.tc_01_LoginTest"/>
  <testcase name="invalidLoginTest" time="2.786" classname="com.guru99.testCases.tc_01_LoginTest"/>
  <testcase name="invalidLoginTest" time="3.392" classname="com.guru99.testCases.tc_01_LoginTest"/>
  <testcase name="validLoginTest" time="3.744" classname="com.guru99.testCases.tc_01_LoginTest"/>
  <testcase name="verifyTitle" time="0.0" classname="com.guru99.testCases.tc_01_LoginTest">
    <ignored/>
  </testcase> <!-- verifyTitle -->
</testsuite> <!-- Test -->
