<?xml version="1.0" encoding="UTF-8"?>
<!-- Generated by org.testng.reporters.JUnitXMLReporter -->
<testsuite hostname="HPaf008ax" ignored="1" name="Test" tests="4" failures="0" timestamp="2020-10-23T19:24:42 IST" time="29.476" errors="0">
  <testcase name="invalidLoginTest" time="4.268" classname="com.guru99.testCases.tc_01_LoginTest"/>
  <testcase name="invalidLoginTest" time="3.998" classname="com.guru99.testCases.tc_01_LoginTest"/>
  <testcase name="invalidLoginTest" time="6.797" classname="com.guru99.testCases.tc_01_LoginTest"/>
  <testcase name="validLoginTest" time="3.111" classname="com.guru99.testCases.tc_01_LoginTest"/>
  <testcase name="verifyTitle" time="0.0" classname="com.guru99.testCases.tc_01_LoginTest">
    <ignored/>
  </testcase> <!-- verifyTitle -->
</testsuite> <!-- Test -->
