<?xml version="1.0" encoding="UTF-8"?>
<!-- Generated by org.testng.reporters.JUnitXMLReporter -->
<testsuite hostname="HPaf008ax" ignored="1" name="Test" tests="4" failures="0" timestamp="2020-10-23T19:30:03 IST" time="61.891" errors="0">
  <testcase name="invalidLoginTest" time="5.56" classname="com.guru99.testCases.tc_01_LoginTest"/>
  <testcase name="invalidLoginTest" time="20.465" classname="com.guru99.testCases.tc_01_LoginTest"/>
  <testcase name="invalidLoginTest" time="4.126" classname="com.guru99.testCases.tc_01_LoginTest"/>
  <testcase name="validLoginTest" time="3.462" classname="com.guru99.testCases.tc_01_LoginTest"/>
  <testcase name="verifyTitle" time="0.0" classname="com.guru99.testCases.tc_01_LoginTest">
    <ignored/>
  </testcase> <!-- verifyTitle -->
</testsuite> <!-- Test -->
