<?xml version="1.0" encoding="UTF-8"?>
<!-- Generated by org.testng.reporters.JUnitXMLReporter -->
<testsuite hostname="HPaf008ax" ignored="0" name="Test" tests="4" failures="0" timestamp="2020-10-22T13:31:34 IST" time="21.807" errors="0">
  <testcase name="invalidLoginTest" time="1.53" classname="com.guru99.testCases.tc_01_LoginTest"/>
  <testcase name="invalidLoginTest" time="3.452" classname="com.guru99.testCases.tc_01_LoginTest"/>
  <testcase name="invalidLoginTest" time="8.682" classname="com.guru99.testCases.tc_01_LoginTest"/>
  <testcase name="validLoginTest" time="8.033" classname="com.guru99.testCases.tc_01_LoginTest"/>
</testsuite> <!-- Test -->
