<?xml version="1.0" encoding="UTF-8"?>
<testsuite xmlns:xsi="http://www.w3.org/2001/XMLSchema-instance" xsi:noNamespaceSchemaLocation="https://maven.apache.org/surefire/maven-surefire-plugin/xsd/surefire-test-report-3.0.xsd" version="3.0" name="TestSuite" time="115.973" tests="5" errors="0" skipped="0" failures="1">
  <properties>
[...]
</properties>
  <testcase name="verifyTitle" classname="com.guru99.testCases.tc_01_LoginTest" time="50.039">
    <failure message="Test Failed expected [true] but found [false]" type="java.lang.AssertionError"><![CDATA[java.lang.AssertionError: Test Failed expected [true] but found [false]
	at com.guru99.testCases.tc_01_LoginTest.verifyTitle(tc_01_LoginTest.java:57)
]]></failure>
    <system-out><![CDATA[http://www.demo.guru99.com/V4/
]]></system-out>
    <system-err><![CDATA[Starting ChromeDriver 86.0.4240.22 (398b0743353ff36fb1b82468f63a3a93b4e2e89e-refs/branch-heads/4240@{#378Starting ChromeDriver 86.0.4240.22 (398b0743353ff36fb1b82468}f)6 3a3ona 9p3obr4et2 e48797e2-8re
fOsn/lbyr alnoccha-lh ecaodnsn/42e40@{#378}) on port 15464ct
iOonnlsy  laorcea la lcloonwnede.ct
iPolnesa saer es eael lhotwtepds.:/
/Pclheraosmee dsreiev ehrt.tcpsh:r/o/mcihurmo.moerdgr/isveecru.rcihtromyi-ucmo.nosrig/dseercautriitoyns- cofnosri dseurgagteisotniso nfso ro ns ukgegeepsitinog nsC horno mkeeDerpiivnegr  Csharfoem.eD
river safe.
ChromeDriver was started successfulClhyr.om
eDriver was started successfully.
Oct 22, 2020 6:19:08 PM org.openqa.selenium.remote.ProtocolHandshake createSession
INFO: Detected dialect: W3C
Oct 22, 2020 6:19:08 PM org.openqa.selenium.remote.ProtocolHandshake createSession
INFO: Detected dialect: W3C
]]></system-err>
  </testcase>
  <testcase name="invalidLoginTest[hello, 1234](1)" classname="com.guru99.testCases.tc_01_LoginTest" time="53.341"/>
  <testcase name="invalidLoginTest[mngr291004, 1234](2)" classname="com.guru99.testCases.tc_01_LoginTest" time="4.033"/>
  <testcase name="invalidLoginTest[hello, ehybegY](3)" classname="com.guru99.testCases.tc_01_LoginTest" time="3.483"/>
  <testcase name="validLoginTest[mngr291004, ehybegY](1)" classname="com.guru99.testCases.tc_01_LoginTest" time="3.948"/>
</testsuite>