<?xml version="1.0" encoding="UTF-8"?>
<testng-results skipped="0" failed="0" ignored="0" total="4" passed="4">
  <reporter-output>
  </reporter-output>
  <suite name="Suite" duration-ms="21807" started-at="2020-10-22T13:31:12 IST" finished-at="2020-10-22T13:31:34 IST">
    <groups>
    </groups>
    <test name="Test" duration-ms="21807" started-at="2020-10-22T13:31:12 IST" finished-at="2020-10-22T13:31:34 IST">
      <class name="com.guru99.testCases.tc_01_LoginTest">
        <test-method status="PASS" signature="initDriver()[pri:0, instance:com.guru99.testCases.tc_01_LoginTest@fa4c865]" name="initDriver" is-config="true" duration-ms="24815" started-at="2020-10-22T13:30:47 IST" finished-at="2020-10-22T13:31:12 IST">
          <reporter-output>
          </reporter-output>
        </test-method> <!-- initDriver -->
        <test-method status="PASS" signature="invalidLoginTest(java.lang.String, java.lang.String)[pri:0, instance:com.guru99.testCases.tc_01_LoginTest@fa4c865]" name="invalidLoginTest" duration-ms="1530" started-at="2020-10-22T13:31:12 IST" data-provider="invalidLoginData" finished-at="2020-10-22T13:31:13 IST">
          <params>
            <param index="0">
              <value>
                <![CDATA[hello]]>
              </value>
            </param>
            <param index="1">
              <value>
                <![CDATA[1234]]>
              </value>
            </param>
          </params>
          <reporter-output>
          </reporter-output>
        </test-method> <!-- invalidLoginTest -->
        <test-method status="PASS" signature="invalidLoginTest(java.lang.String, java.lang.String)[pri:0, instance:com.guru99.testCases.tc_01_LoginTest@fa4c865]" name="invalidLoginTest" duration-ms="3452" started-at="2020-10-22T13:31:13 IST" data-provider="invalidLoginData" finished-at="2020-10-22T13:31:17 IST">
          <params>
            <param index="0">
              <value>
                <![CDATA[mngr291004]]>
              </value>
            </param>
            <param index="1">
              <value>
                <![CDATA[1234]]>
              </value>
            </param>
          </params>
          <reporter-output>
          </reporter-output>
        </test-method> <!-- invalidLoginTest -->
        <test-method status="PASS" signature="invalidLoginTest(java.lang.String, java.lang.String)[pri:0, instance:com.guru99.testCases.tc_01_LoginTest@fa4c865]" name="invalidLoginTest" duration-ms="8682" started-at="2020-10-22T13:31:17 IST" data-provider="invalidLoginData" finished-at="2020-10-22T13:31:26 IST">
          <params>
            <param index="0">
              <value>
                <![CDATA[hello]]>
              </value>
            </param>
            <param index="1">
              <value>
                <![CDATA[ehybegY]]>
              </value>
            </param>
          </params>
          <reporter-output>
          </reporter-output>
        </test-method> <!-- invalidLoginTest -->
        <test-method status="PASS" signature="validLoginTest(java.lang.String, java.lang.String)[pri:0, instance:com.guru99.testCases.tc_01_LoginTest@fa4c865]" name="validLoginTest" duration-ms="8033" started-at="2020-10-22T13:31:26 IST" data-provider="validLoginData" finished-at="2020-10-22T13:31:34 IST">
          <params>
            <param index="0">
              <value>
                <![CDATA[mngr291004]]>
              </value>
            </param>
            <param index="1">
              <value>
                <![CDATA[ehybegY]]>
              </value>
            </param>
          </params>
          <reporter-output>
          </reporter-output>
        </test-method> <!-- validLoginTest -->
        <test-method status="PASS" signature="tearDown()[pri:0, instance:com.guru99.testCases.tc_01_LoginTest@fa4c865]" name="tearDown" is-config="true" duration-ms="208" started-at="2020-10-22T13:31:34 IST" finished-at="2020-10-22T13:31:34 IST">
          <reporter-output>
          </reporter-output>
        </test-method> <!-- tearDown -->
      </class> <!-- com.guru99.testCases.tc_01_LoginTest -->
    </test> <!-- Test -->
  </suite> <!-- Suite -->
</testng-results>
