<?xml version="1.0" encoding="UTF-8"?>
<testng-results skipped="0" failed="0" ignored="0" total="4" passed="4">
  <reporter-output>
  </reporter-output>
  <suite name="Default suite" duration-ms="37370" started-at="2020-10-20T13:58:10 IST" finished-at="2020-10-20T13:58:48 IST">
    <groups>
    </groups>
    <test name="Default test" duration-ms="37370" started-at="2020-10-20T13:58:10 IST" finished-at="2020-10-20T13:58:48 IST">
      <class name="com.guru99.testCases.tc_01_LoginTest">
        <test-method status="PASS" signature="initDriver()[pri:0, instance:com.guru99.testCases.tc_01_LoginTest@23faf8f2]" name="initDriver" is-config="true" duration-ms="12782" started-at="2020-10-20T13:58:10 IST" finished-at="2020-10-20T13:58:23 IST">
          <reporter-output>
          </reporter-output>
        </test-method> <!-- initDriver -->
        <test-method status="PASS" signature="invalidLoginTest(java.lang.String, java.lang.String)[pri:0, instance:com.guru99.testCases.tc_01_LoginTest@23faf8f2]" name="invalidLoginTest" duration-ms="5854" started-at="2020-10-20T13:58:23 IST" data-provider="invalidLoginData" finished-at="2020-10-20T13:58:29 IST">
          <params>
            <param index="0">
              <value>
                <![CDATA[hello]]>
              </value>
            </param>
            <param index="1">
              <value>
                <![CDATA[1234]]>
              </value>
            </param>
          </params>
          <reporter-output>
          </reporter-output>
        </test-method> <!-- invalidLoginTest -->
        <test-method status="PASS" signature="invalidLoginTest(java.lang.String, java.lang.String)[pri:0, instance:com.guru99.testCases.tc_01_LoginTest@23faf8f2]" name="invalidLoginTest" duration-ms="4073" started-at="2020-10-20T13:58:29 IST" data-provider="invalidLoginData" finished-at="2020-10-20T13:58:33 IST">
          <params>
            <param index="0">
              <value>
                <![CDATA[mngr291004]]>
              </value>
            </param>
            <param index="1">
              <value>
                <![CDATA[1234]]>
              </value>
            </param>
          </params>
          <reporter-output>
          </reporter-output>
        </test-method> <!-- invalidLoginTest -->
        <test-method status="PASS" signature="invalidLoginTest(java.lang.String, java.lang.String)[pri:0, instance:com.guru99.testCases.tc_01_LoginTest@23faf8f2]" name="invalidLoginTest" duration-ms="6657" started-at="2020-10-20T13:58:33 IST" data-provider="invalidLoginData" finished-at="2020-10-20T13:58:40 IST">
          <params>
            <param index="0">
              <value>
                <![CDATA[hello]]>
              </value>
            </param>
            <param index="1">
              <value>
                <![CDATA[ehybegY]]>
              </value>
            </param>
          </params>
          <reporter-output>
          </reporter-output>
        </test-method> <!-- invalidLoginTest -->
        <test-method status="PASS" signature="validLoginTest(java.lang.String, java.lang.String)[pri:0, instance:com.guru99.testCases.tc_01_LoginTest@23faf8f2]" name="validLoginTest" duration-ms="7611" started-at="2020-10-20T13:58:40 IST" data-provider="validLoginData" finished-at="2020-10-20T13:58:47 IST">
          <params>
            <param index="0">
              <value>
                <![CDATA[mngr291004]]>
              </value>
            </param>
            <param index="1">
              <value>
                <![CDATA[ehybegY]]>
              </value>
            </param>
          </params>
          <reporter-output>
          </reporter-output>
        </test-method> <!-- validLoginTest -->
        <test-method status="PASS" signature="tearDown()[pri:0, instance:com.guru99.testCases.tc_01_LoginTest@23faf8f2]" name="tearDown" is-config="true" duration-ms="180" started-at="2020-10-20T13:58:47 IST" finished-at="2020-10-20T13:58:48 IST">
          <reporter-output>
          </reporter-output>
        </test-method> <!-- tearDown -->
      </class> <!-- com.guru99.testCases.tc_01_LoginTest -->
    </test> <!-- Default test -->
  </suite> <!-- Default suite -->
</testng-results>
