<?xml version="1.0" encoding="UTF-8"?>
<testng-results skipped="0" failed="0" ignored="0" total="4" passed="4">
  <reporter-output>
  </reporter-output>
  <suite name="Default suite" duration-ms="25962" started-at="2020-10-22T15:02:29 IST" finished-at="2020-10-22T15:02:55 IST">
    <groups>
    </groups>
    <test name="Default test" duration-ms="25962" started-at="2020-10-22T15:02:29 IST" finished-at="2020-10-22T15:02:55 IST">
      <class name="com.guru99.testCases.tc_01_LoginTest">
        <test-method status="PASS" signature="initDriver()[pri:0, instance:com.guru99.testCases.tc_01_LoginTest@68567e20]" name="initDriver" is-config="true" duration-ms="12401" started-at="2020-10-22T15:02:16 IST" finished-at="2020-10-22T15:02:29 IST">
          <reporter-output>
          </reporter-output>
        </test-method> <!-- initDriver -->
        <test-method status="PASS" signature="invalidLoginTest(java.lang.String, java.lang.String)[pri:0, instance:com.guru99.testCases.tc_01_LoginTest@68567e20]" name="invalidLoginTest" duration-ms="3694" started-at="2020-10-22T15:02:29 IST" data-provider="invalidLoginData" finished-at="2020-10-22T15:02:33 IST">
          <params>
            <param index="0">
              <value>
                <![CDATA[hello]]>
              </value>
            </param>
            <param index="1">
              <value>
                <![CDATA[1234]]>
              </value>
            </param>
          </params>
          <reporter-output>
          </reporter-output>
        </test-method> <!-- invalidLoginTest -->
        <test-method status="PASS" signature="invalidLoginTest(java.lang.String, java.lang.String)[pri:0, instance:com.guru99.testCases.tc_01_LoginTest@68567e20]" name="invalidLoginTest" duration-ms="4557" started-at="2020-10-22T15:02:33 IST" data-provider="invalidLoginData" finished-at="2020-10-22T15:02:37 IST">
          <params>
            <param index="0">
              <value>
                <![CDATA[mngr291004]]>
              </value>
            </param>
            <param index="1">
              <value>
                <![CDATA[1234]]>
              </value>
            </param>
          </params>
          <reporter-output>
          </reporter-output>
        </test-method> <!-- invalidLoginTest -->
        <test-method status="PASS" signature="invalidLoginTest(java.lang.String, java.lang.String)[pri:0, instance:com.guru99.testCases.tc_01_LoginTest@68567e20]" name="invalidLoginTest" duration-ms="14009" started-at="2020-10-22T15:02:37 IST" data-provider="invalidLoginData" finished-at="2020-10-22T15:02:51 IST">
          <params>
            <param index="0">
              <value>
                <![CDATA[hello]]>
              </value>
            </param>
            <param index="1">
              <value>
                <![CDATA[ehybegY]]>
              </value>
            </param>
          </params>
          <reporter-output>
          </reporter-output>
        </test-method> <!-- invalidLoginTest -->
        <test-method status="PASS" signature="validLoginTest(java.lang.String, java.lang.String)[pri:0, instance:com.guru99.testCases.tc_01_LoginTest@68567e20]" name="validLoginTest" duration-ms="3547" started-at="2020-10-22T15:02:51 IST" data-provider="validLoginData" finished-at="2020-10-22T15:02:55 IST">
          <params>
            <param index="0">
              <value>
                <![CDATA[mngr291004]]>
              </value>
            </param>
            <param index="1">
              <value>
                <![CDATA[ehybegY]]>
              </value>
            </param>
          </params>
          <reporter-output>
          </reporter-output>
        </test-method> <!-- validLoginTest -->
        <test-method status="PASS" signature="tearDown()[pri:0, instance:com.guru99.testCases.tc_01_LoginTest@68567e20]" name="tearDown" is-config="true" duration-ms="199" started-at="2020-10-22T15:02:55 IST" finished-at="2020-10-22T15:02:55 IST">
          <reporter-output>
          </reporter-output>
        </test-method> <!-- tearDown -->
      </class> <!-- com.guru99.testCases.tc_01_LoginTest -->
    </test> <!-- Default test -->
  </suite> <!-- Default suite -->
</testng-results>
